<?xml version="1.0" encoding="UTF-8"?>
<testng-results skipped="0" failed="0" ignored="0" total="3" passed="3">
  <reporter-output>
  </reporter-output>
  <suite name="Suite" duration-ms="8039" started-at="2021-02-18T07:45:10 JST" finished-at="2021-02-18T07:45:18 JST">
    <groups>
    </groups>
    <test name="Test" duration-ms="8039" started-at="2021-02-18T07:45:10 JST" finished-at="2021-02-18T07:45:18 JST">
      <class name="com.automate.test.search.TestSearchFunctionality">
        <test-method status="PASS" signature="setup(java.lang.String)[pri:0, instance:com.automate.test.search.TestSearchFunctionality@4e08711f]" name="setup" is-config="true" duration-ms="5960" started-at="2021-02-18T07:45:04 JST" finished-at="2021-02-18T07:45:10 JST">
          <params>
            <param index="0">
              <value>
                <![CDATA[iosapp]]>
              </value>
            </param>
          </params>
          <reporter-output>
          </reporter-output>
        </test-method> <!-- setup -->
        <test-method status="PASS" signature="beforeClass()[pri:0, instance:com.automate.test.search.TestSearchFunctionality@4e08711f]" name="beforeClass" is-config="true" duration-ms="208" started-at="2021-02-18T07:45:10 JST" finished-at="2021-02-18T07:45:10 JST">
          <reporter-output>
          </reporter-output>
        </test-method> <!-- beforeClass -->
        <test-method status="PASS" signature="test1()[pri:0, instance:com.automate.test.search.TestSearchFunctionality@4e08711f]" name="test1" duration-ms="7773" started-at="2021-02-18T07:45:10 JST" finished-at="2021-02-18T07:45:18 JST">
          <reporter-output>
          </reporter-output>
        </test-method> <!-- test1 -->
        <test-method status="PASS" signature="test2()[pri:0, instance:com.automate.test.search.TestSearchFunctionality@4e08711f]" name="test2" duration-ms="1" started-at="2021-02-18T07:45:18 JST" finished-at="2021-02-18T07:45:18 JST">
          <reporter-output>
          </reporter-output>
        </test-method> <!-- test2 -->
        <test-method status="PASS" signature="test3()[pri:0, instance:com.automate.test.search.TestSearchFunctionality@4e08711f]" name="test3" duration-ms="2" started-at="2021-02-18T07:45:18 JST" finished-at="2021-02-18T07:45:18 JST">
          <reporter-output>
          </reporter-output>
        </test-method> <!-- test3 -->
        <test-method status="PASS" signature="tearDown()[pri:0, instance:com.automate.test.search.TestSearchFunctionality@4e08711f]" name="tearDown" is-config="true" duration-ms="10033" started-at="2021-02-18T07:45:18 JST" finished-at="2021-02-18T07:45:28 JST">
          <reporter-output>
          </reporter-output>
        </test-method> <!-- tearDown -->
      </class> <!-- com.automate.test.search.TestSearchFunctionality -->
    </test> <!-- Test -->
  </suite> <!-- Suite -->
</testng-results>
