<?xml version="1.0" encoding="UTF-8"?>
<!-- Generated by org.testng.reporters.JUnitXMLReporter -->
<testsuite hostname="Apple-no-MacBook-Pro.local" ignored="0" name="Test" tests="3" failures="0" timestamp="2021-02-18T07:45:18 JST" time="8.039" errors="0">
  <testcase name="test1" time="7.773" classname="com.automate.test.search.TestSearchFunctionality"/>
  <testcase name="test2" time="0.001" classname="com.automate.test.search.TestSearchFunctionality"/>
  <testcase name="test3" time="0.002" classname="com.automate.test.search.TestSearchFunctionality"/>
</testsuite> <!-- Test -->
